<?xml version="1.0" encoding="UTF-8"?>
<!-- Generated by org.testng.reporters.JUnitReportReporter -->
<testsuite hostname="TABLET-33VJCQQG" failures="0" tests="1" name="test.com.mycompany.FacebookTest" time="2.232" errors="0" timestamp="11 May 2023 20:33:00 GMT">
  <testcase classname="test.com.mycompany.FacebookTest" name="testFacebook" time="2.232"/>
</testsuite> <!-- test.com.mycompany.FacebookTest -->
